

Microchip MPLAB XC8 Assembler V2.36 build 20220127204148 
                                                                                               Fri Apr 01 21:11:20 2022

Microchip MPLAB XC8 C Compiler v2.36 (Free license) build 20220127204148 Og1 
     1                           	processor	16F1509
     2                           	pagewidth 120
     3                           	opt	flic
     4                           	psect	idataBANK0,global,class=CODE,delta=2,noexec
     5                           	psect	cinit,global,class=CODE,merge=1,delta=2
     6                           	psect	bssBANK0,global,class=BANK0,space=1,delta=1,noexec
     7                           	psect	dataBANK0,global,class=BANK0,space=1,delta=1,noexec
     8                           	psect	inittext,global,class=CODE,delta=2
     9                           	psect	cstackCOMMON,global,class=COMMON,space=1,delta=1,noexec
    10                           	psect	cstackBANK0,global,class=BANK0,space=1,delta=1,noexec
    11                           	psect	maintext,global,class=CODE,merge=1,split=1,delta=2
    12                           	psect	text1,local,class=CODE,merge=1,delta=2
    13                           	psect	text2,local,class=CODE,merge=1,delta=2,group=1
    14                           	psect	text3,local,class=CODE,merge=1,delta=2,group=1
    15                           	psect	idloc,global,abs,ovrld,class=IDLOC,space=5,delta=2,noexec
    16                           	psect	config,global,abs,ovrld,class=CONFIG,space=4,delta=2,noexec
    17                           	dabs	1,0x7E,2
    18  0000                     
    19                           ; Version 2.40
    20                           ; Generated 17/11/2021 GMT
    21                           ; 
    22                           ; Copyright © 2021, Microchip Technology Inc. and its subsidiaries ("Microchip")
    23                           ; All rights reserved.
    24                           ; 
    25                           ; This software is developed by Microchip Technology Inc. and its subsidiaries ("Microch
      +                          ip").
    26                           ; 
    27                           ; Redistribution and use in source and binary forms, with or without modification, are
    28                           ; permitted provided that the following conditions are met:
    29                           ; 
    30                           ;     1. Redistributions of source code must retain the above copyright notice, this lis
      +                          t of
    31                           ;        conditions and the following disclaimer.
    32                           ; 
    33                           ;     2. Redistributions in binary form must reproduce the above copyright notice, this 
      +                          list
    34                           ;        of conditions and the following disclaimer in the documentation and/or other
    35                           ;        materials provided with the distribution. Publication is not required when
    36                           ;        this file is used in an embedded application.
    37                           ; 
    38                           ;     3. Microchip's name may not be used to endorse or promote products derived from th
      +                          is
    39                           ;        software without specific prior written permission.
    40                           ; 
    41                           ; THIS SOFTWARE IS PROVIDED BY MICROCHIP "AS IS" AND ANY EXPRESS OR IMPLIED WARRANTIES,
    42                           ; INCLUDING, BUT NOT LIMITED TO, THE IMPLIED WARRANTIES OF MERCHANTABILITY AND FITNESS F
      +                          OR
    43                           ; PURPOSE ARE DISCLAIMED.  IN NO EVENT SHALL MICROCHIP BE LIABLE FOR ANY DIRECT, INDIREC
      +                          T,
    44                           ; INCIDENTAL, SPECIAL, EXEMPLARY, OR CONSEQUENTIAL DAMAGES (INCLUDING BUT NOT LIMITED TO
    45                           ; PROCUREMENT OF SUBSTITUTE GOODS OR SERVICES; LOSS OF USE, DATA OR PROFITS; OR BUSINESS
    46                           ; INTERRUPTION) HOWSOEVER CAUSED AND ON ANY THEORY OF LIABILITY, WHETHER IN CONTRACT, ST
      +                          RICT
    47                           ; LIABILITY, OR TORT (INCLUDING NEGLIGENCE OR OTHERWISE) ARISING IN ANY WAY OUT OF THE U
      +                          SE OF
    48                           ; THIS SOFTWARE, EVEN IF ADVISED OF THE POSSIBILITY OF SUCH DAMAGE.
    49                           ; 
    50                           ; 
    51                           ; Code-generator required, PIC16F1509 Definitions
    52                           ; 
    53                           ; SFR Addresses
    54  0000                     	;# 
    55  0001                     	;# 
    56  0002                     	;# 
    57  0003                     	;# 
    58  0004                     	;# 
    59  0005                     	;# 
    60  0006                     	;# 
    61  0007                     	;# 
    62  0008                     	;# 
    63  0009                     	;# 
    64  000A                     	;# 
    65  000B                     	;# 
    66  000C                     	;# 
    67  000D                     	;# 
    68  000E                     	;# 
    69  0011                     	;# 
    70  0012                     	;# 
    71  0013                     	;# 
    72  0015                     	;# 
    73  0016                     	;# 
    74  0016                     	;# 
    75  0017                     	;# 
    76  0018                     	;# 
    77  0019                     	;# 
    78  001A                     	;# 
    79  001B                     	;# 
    80  001C                     	;# 
    81  008C                     	;# 
    82  008D                     	;# 
    83  008E                     	;# 
    84  0091                     	;# 
    85  0092                     	;# 
    86  0093                     	;# 
    87  0095                     	;# 
    88  0096                     	;# 
    89  0097                     	;# 
    90  0099                     	;# 
    91  009A                     	;# 
    92  009B                     	;# 
    93  009B                     	;# 
    94  009C                     	;# 
    95  009D                     	;# 
    96  009E                     	;# 
    97  009F                     	;# 
    98  010C                     	;# 
    99  010D                     	;# 
   100  010E                     	;# 
   101  0111                     	;# 
   102  0112                     	;# 
   103  0113                     	;# 
   104  0114                     	;# 
   105  0115                     	;# 
   106  0116                     	;# 
   107  0117                     	;# 
   108  0118                     	;# 
   109  0119                     	;# 
   110  011D                     	;# 
   111  018C                     	;# 
   112  018D                     	;# 
   113  018E                     	;# 
   114  0191                     	;# 
   115  0191                     	;# 
   116  0192                     	;# 
   117  0193                     	;# 
   118  0193                     	;# 
   119  0194                     	;# 
   120  0195                     	;# 
   121  0196                     	;# 
   122  0197                     	;# 
   123  0199                     	;# 
   124  019A                     	;# 
   125  019B                     	;# 
   126  019B                     	;# 
   127  019C                     	;# 
   128  019D                     	;# 
   129  019E                     	;# 
   130  019F                     	;# 
   131  020C                     	;# 
   132  020D                     	;# 
   133  0211                     	;# 
   134  0211                     	;# 
   135  0212                     	;# 
   136  0212                     	;# 
   137  0213                     	;# 
   138  0213                     	;# 
   139  0214                     	;# 
   140  0214                     	;# 
   141  0215                     	;# 
   142  0215                     	;# 
   143  0215                     	;# 
   144  0216                     	;# 
   145  0216                     	;# 
   146  0217                     	;# 
   147  0217                     	;# 
   148  0391                     	;# 
   149  0392                     	;# 
   150  0393                     	;# 
   151  0394                     	;# 
   152  0395                     	;# 
   153  0396                     	;# 
   154  0498                     	;# 
   155  0498                     	;# 
   156  0499                     	;# 
   157  049A                     	;# 
   158  049B                     	;# 
   159  049B                     	;# 
   160  049C                     	;# 
   161  049D                     	;# 
   162  049E                     	;# 
   163  049F                     	;# 
   164  0611                     	;# 
   165  0612                     	;# 
   166  0613                     	;# 
   167  0613                     	;# 
   168  0614                     	;# 
   169  0615                     	;# 
   170  0616                     	;# 
   171  0616                     	;# 
   172  0617                     	;# 
   173  0618                     	;# 
   174  0619                     	;# 
   175  0619                     	;# 
   176  061A                     	;# 
   177  061B                     	;# 
   178  061C                     	;# 
   179  061C                     	;# 
   180  0691                     	;# 
   181  0692                     	;# 
   182  0693                     	;# 
   183  0694                     	;# 
   184  0695                     	;# 
   185  0F0F                     	;# 
   186  0F10                     	;# 
   187  0F11                     	;# 
   188  0F12                     	;# 
   189  0F13                     	;# 
   190  0F14                     	;# 
   191  0F15                     	;# 
   192  0F16                     	;# 
   193  0F17                     	;# 
   194  0F18                     	;# 
   195  0F19                     	;# 
   196  0F1A                     	;# 
   197  0F1B                     	;# 
   198  0F1C                     	;# 
   199  0F1D                     	;# 
   200  0F1E                     	;# 
   201  0F1F                     	;# 
   202  0F20                     	;# 
   203  0F21                     	;# 
   204  0F22                     	;# 
   205  0F23                     	;# 
   206  0F24                     	;# 
   207  0F25                     	;# 
   208  0F26                     	;# 
   209  0F27                     	;# 
   210  0F28                     	;# 
   211  0F29                     	;# 
   212  0F2A                     	;# 
   213  0F2B                     	;# 
   214  0F2C                     	;# 
   215  0F2D                     	;# 
   216  0F2E                     	;# 
   217  0F2F                     	;# 
   218  0F8C                     	;# 
   219  0F8D                     	;# 
   220  0F91                     	;# 
   221  0F95                     	;# 
   222  0F96                     	;# 
   223  0F97                     	;# 
   224  0F9C                     	;# 
   225  0F9D                     	;# 
   226  0F9E                     	;# 
   227  0FE3                     	;# 
   228  0FE4                     	;# 
   229  0FE5                     	;# 
   230  0FE6                     	;# 
   231  0FE7                     	;# 
   232  0FE8                     	;# 
   233  0FE9                     	;# 
   234  0FEA                     	;# 
   235  0FEB                     	;# 
   236  0FED                     	;# 
   237  0FEE                     	;# 
   238  0FEF                     	;# 
   239                           
   240                           	psect	idataBANK0
   241  0605                     __pidataBANK0:
   242                           
   243                           ;initializer for _mang
   244  0605  34C0               	retlw	192
   245  0606  34F9               	retlw	249
   246  0607  34A4               	retlw	164
   247  0608  34B0               	retlw	176
   248  0609  3499               	retlw	153
   249  060A  3492               	retlw	146
   250  060B  3482               	retlw	130
   251  060C  3478               	retlw	120
   252  060D  3480               	retlw	128
   253  060E  3490               	retlw	144
   254  060F  3400               	retlw	0
   255  0610  3400               	retlw	0
   256  0611  3400               	retlw	0
   257  0612  3400               	retlw	0
   258  0613  3400               	retlw	0
   259  0614  3400               	retlw	0
   260  0615  3400               	retlw	0
   261  0616  3400               	retlw	0
   262  0617  3400               	retlw	0
   263  0618  3400               	retlw	0
   264  000E                     _PORTCbits	set	14
   265  008C                     _TRISAbits	set	140
   266  008E                     _TRISCbits	set	142
   267  010C                     _LATAbits	set	268
   268  010E                     _LATCbits	set	270
   269                           
   270                           	psect	cinit
   271  07EE                     start_initialization:	
   272                           ; #config settings
   273                           
   274  07EE                     __initialization:
   275                           
   276                           ; Initialize objects allocated to BANK0
   277  07EE  3005               	movlw	low __pidataBANK0
   278  07EF  0084               	movwf	4
   279  07F0  3086               	movlw	(high __pidataBANK0)| (0+128)
   280  07F1  0085               	movwf	5
   281  07F2  3037               	movlw	low __pdataBANK0
   282  07F3  0086               	movwf	6
   283  07F4  3000               	movlw	high __pdataBANK0
   284  07F5  0087               	movwf	7
   285  07F6  3014               	movlw	20
   286  07F7  3185  25FF  3187   	fcall	init_ram
   287                           
   288                           ; Clear objects allocated to BANK0
   289  07FA  01CB               	clrf	__pbssBANK0& (0+127)
   290  07FB  01CC               	clrf	(__pbssBANK0+1)& (0+127)
   291  07FC  01CD               	clrf	(__pbssBANK0+2)& (0+127)
   292  07FD                     end_of_initialization:	
   293                           ;End of C runtime variable initialization code
   294                           
   295  07FD                     __end_of__initialization:
   296  07FD  0020               	movlb	0
   297  07FE  3186  2E89         	ljmp	_main	;jump to C main() function
   298                           
   299                           	psect	bssBANK0
   300  004B                     __pbssBANK0:
   301  004B                     _dem2:
   302  004B                     	ds	1
   303  004C                     _dem1:
   304  004C                     	ds	1
   305  004D                     _j:
   306  004D                     	ds	1
   307                           
   308                           	psect	dataBANK0
   309  0037                     __pdataBANK0:
   310  0037                     _mang:
   311  0037                     	ds	20
   312                           
   313                           	psect	inittext
   314  05FF                     init_ram:
   315  05FF  00FE               	movwf	btemp
   316  0600                     initloop:
   317  0600  0012               	moviw fsr0++
   318  0601  001E               	movwi fsr1++
   319  0602  0BFE               	decfsz	btemp,f
   320  0603  2E00               	goto	initloop
   321  0604  3400               	retlw	0
   322                           
   323                           	psect	cstackCOMMON
   324  0070                     __pcstackCOMMON:
   325  0070                     ?_main:
   326  0070                     ?___lwdiv:	
   327                           ; 1 bytes @ 0x0
   328                           
   329  0070                     ___lwdiv@divisor:	
   330                           ; 2 bytes @ 0x0
   331                           
   332                           
   333                           ; 2 bytes @ 0x0
   334  0070                     	ds	2
   335  0072                     ___lwdiv@dividend:
   336                           
   337                           ; 2 bytes @ 0x2
   338  0072                     	ds	2
   339  0074                     ??___lwdiv:
   340                           
   341                           ; 1 bytes @ 0x4
   342  0074                     	ds	1
   343  0075                     ___lwdiv@quotient:
   344                           
   345                           ; 2 bytes @ 0x5
   346  0075                     	ds	2
   347  0077                     ___lwdiv@counter:
   348                           
   349                           ; 1 bytes @ 0x7
   350  0077                     	ds	1
   351  0078                     ?___lwmod:
   352  0078                     ___lwmod@divisor:	
   353                           ; 2 bytes @ 0x8
   354                           
   355                           
   356                           ; 2 bytes @ 0x8
   357  0078                     	ds	2
   358  007A                     ___lwmod@dividend:
   359                           
   360                           ; 2 bytes @ 0xA
   361  007A                     	ds	2
   362  007C                     ??___lwmod:
   363                           
   364                           ; 1 bytes @ 0xC
   365  007C                     	ds	1
   366  007D                     ___lwmod@counter:
   367                           
   368                           ; 1 bytes @ 0xD
   369  007D                     	ds	1
   370                           
   371                           	psect	cstackBANK0
   372  0020                     __pcstackBANK0:
   373  0020                     ?_Nhan_so:
   374  0020                     Nhan_so@i:	
   375                           ; 1 bytes @ 0x0
   376                           
   377                           
   378                           ; 2 bytes @ 0x0
   379  0020                     	ds	2
   380  0022                     ??_Nhan_so:
   381                           
   382                           ; 1 bytes @ 0x2
   383  0022                     	ds	2
   384  0024                     Nhan_so@hang_don_vi:
   385                           
   386                           ; 2 bytes @ 0x4
   387  0024                     	ds	2
   388  0026                     Nhan_so@hang_chuc:
   389                           
   390                           ; 2 bytes @ 0x6
   391  0026                     	ds	2
   392  0028                     Nhan_so@hang_tram:
   393                           
   394                           ; 2 bytes @ 0x8
   395  0028                     	ds	2
   396  002A                     Nhan_so@b:
   397                           
   398                           ; 2 bytes @ 0xA
   399  002A                     	ds	2
   400  002C                     Nhan_so@c:
   401                           
   402                           ; 2 bytes @ 0xC
   403  002C                     	ds	2
   404  002E                     Nhan_so@d:
   405                           
   406                           ; 2 bytes @ 0xE
   407  002E                     	ds	2
   408  0030                     Nhan_so@a:
   409                           
   410                           ; 1 bytes @ 0x10
   411  0030                     	ds	1
   412  0031                     ??_main:
   413                           
   414                           ; 1 bytes @ 0x11
   415  0031                     	ds	2
   416  0033                     main@a:
   417                           
   418                           ; 2 bytes @ 0x13
   419  0033                     	ds	2
   420  0035                     main@S2_state:
   421                           
   422                           ; 2 bytes @ 0x15
   423  0035                     	ds	2
   424                           
   425                           	psect	maintext
   426  0689                     __pmaintext:	
   427 ;;
   428 ;;Main: autosize = 0, tempsize = 2, incstack = 0, save=0
   429 ;;
   430 ;; *************** function _main *****************
   431 ;; Defined at:
   432 ;;		line 64 in file "KIEMTRA1.c"
   433 ;; Parameters:    Size  Location     Type
   434 ;;		None
   435 ;; Auto vars:     Size  Location     Type
   436 ;;  S2_state        2   21[BANK0 ] int 
   437 ;;  a               2   19[BANK0 ] int 
   438 ;;  S1_state        2    0        int 
   439 ;; Return value:  Size  Location     Type
   440 ;;                  1    wreg      void 
   441 ;; Registers used:
   442 ;;		wreg, fsr1l, fsr1h, status,2, status,0, pclath, cstack
   443 ;; Tracked objects:
   444 ;;		On entry : B1F/0
   445 ;;		On exit  : 0/0
   446 ;;		Unchanged: 0/0
   447 ;; Data sizes:     COMMON   BANK0   BANK1   BANK2   BANK3   BANK4   BANK5   BANK6
   448 ;;      Params:         0       0       0       0       0       0       0       0
   449 ;;      Locals:         0       4       0       0       0       0       0       0
   450 ;;      Temps:          0       2       0       0       0       0       0       0
   451 ;;      Totals:         0       6       0       0       0       0       0       0
   452 ;;Total ram usage:        6 bytes
   453 ;; Hardware stack levels required when called: 2
   454 ;; This function calls:
   455 ;;		_Nhan_so
   456 ;; This function is called by:
   457 ;;		Startup code after reset
   458 ;; This function uses a non-reentrant model
   459 ;;
   460                           
   461  0689                     _main:	
   462                           ;psect for function _main
   463                           
   464  0689                     l869:	
   465                           ;incstack = 0
   466                           ; Regs used in _main: [wreg+fsr1l+fsr1h+status,2+status,0+pclath+cstack]
   467                           
   468                           
   469                           ;KIEMTRA1.c: 66:     int S2_state =0 ;
   470  0689  0020               	movlb	0	; select bank0
   471  068A  01B5               	clrf	main@S2_state
   472  068B  01B6               	clrf	main@S2_state+1
   473                           
   474                           ;KIEMTRA1.c: 67:     int a = 0 ;
   475  068C  01B3               	clrf	main@a
   476  068D  01B4               	clrf	main@a+1
   477  068E                     l871:
   478                           
   479                           ;KIEMTRA1.c: 68:     TRISCbits.TRISC3 =1;
   480  068E  0021               	movlb	1	; select bank1
   481  068F  158E               	bsf	14,3	;volatile
   482  0690                     l873:
   483                           
   484                           ;KIEMTRA1.c: 69:     TRISCbits.TRISC0 =0;
   485  0690  100E               	bcf	14,0	;volatile
   486  0691                     l875:
   487                           
   488                           ;KIEMTRA1.c: 70:     TRISCbits.TRISC1 =0;
   489  0691  108E               	bcf	14,1	;volatile
   490  0692                     l877:
   491                           
   492                           ;KIEMTRA1.c: 71:     TRISCbits.TRISC2 =0;
   493  0692  110E               	bcf	14,2	;volatile
   494  0693                     l879:
   495                           
   496                           ;KIEMTRA1.c: 72:     TRISCbits.TRISC4 =0;
   497  0693  120E               	bcf	14,4	;volatile
   498  0694                     l881:
   499                           
   500                           ;KIEMTRA1.c: 73:     TRISCbits.TRISC5 =1;
   501  0694  168E               	bsf	14,5	;volatile
   502  0695                     l883:
   503                           
   504                           ;KIEMTRA1.c: 74:     TRISCbits.TRISC6 =1;
   505  0695  170E               	bsf	14,6	;volatile
   506  0696                     l885:
   507                           
   508                           ;KIEMTRA1.c: 75:     TRISCbits.TRISC7 =1;
   509  0696  178E               	bsf	14,7	;volatile
   510  0697                     l887:
   511                           
   512                           ;KIEMTRA1.c: 76:     TRISAbits.TRISA4 =0;
   513  0697  120C               	bcf	12,4	;volatile
   514  0698                     l889:
   515                           
   516                           ;KIEMTRA1.c: 78:     Nhan_so(20);
   517  0698  3014               	movlw	20
   518  0699  0020               	movlb	0	; select bank0
   519  069A  00A0               	movwf	Nhan_so@i
   520  069B  3000               	movlw	0
   521  069C  00A1               	movwf	Nhan_so@i+1
   522  069D  3187  2729  3186   	fcall	_Nhan_so
   523  06A0                     l891:
   524                           
   525                           ;KIEMTRA1.c: 103:     if (PORTCbits.RC7 == 1 &&PORTCbits.RC5 == 0){
   526  06A0  0020               	movlb	0	; select bank0
   527  06A1  1F8E               	btfss	14,7	;volatile
   528  06A2  2EA4               	goto	u511
   529  06A3  2EA5               	goto	u510
   530  06A4                     u511:
   531  06A4  2F1F               	goto	l937
   532  06A5                     u510:
   533  06A5                     l893:
   534  06A5  1A8E               	btfsc	14,5	;volatile
   535  06A6  2EA8               	goto	u521
   536  06A7  2EA9               	goto	u520
   537  06A8                     u521:
   538  06A8  2F1F               	goto	l937
   539  06A9                     u520:
   540  06A9                     l895:
   541                           
   542                           ;KIEMTRA1.c: 104:     LATAbits.LATA4 = 0;
   543  06A9  0022               	movlb	2	; select bank2
   544  06AA  120C               	bcf	12,4	;volatile
   545                           
   546                           ;KIEMTRA1.c: 105:         if (PORTCbits.RC3 == 0 && S2_state == 0) S2_state = 1,a=1;
   547  06AB  0020               	movlb	0	; select bank0
   548  06AC  198E               	btfsc	14,3	;volatile
   549  06AD  2EAF               	goto	u531
   550  06AE  2EB0               	goto	u530
   551  06AF                     u531:
   552  06AF  2EBA               	goto	l901
   553  06B0                     u530:
   554  06B0                     l897:
   555  06B0  0835               	movf	main@S2_state,w
   556  06B1  0436               	iorwf	main@S2_state+1,w
   557  06B2  1D03               	btfss	3,2
   558  06B3  2EB5               	goto	u541
   559  06B4  2EB6               	goto	u540
   560  06B5                     u541:
   561  06B5  2EBA               	goto	l901
   562  06B6                     u540:
   563  06B6                     l899:
   564  06B6  3001               	movlw	1
   565  06B7  00B5               	movwf	main@S2_state
   566  06B8  3000               	movlw	0
   567  06B9  00B6               	movwf	main@S2_state+1
   568  06BA                     l901:
   569                           
   570                           ;KIEMTRA1.c: 106:     if (PORTCbits.RC3 == 1 && S2_state == 1) S2_state = 2,a=2;
   571  06BA  1D8E               	btfss	14,3	;volatile
   572  06BB  2EBD               	goto	u551
   573  06BC  2EBE               	goto	u550
   574  06BD                     u551:
   575  06BD  2EC8               	goto	l907
   576  06BE                     u550:
   577  06BE                     l903:
   578  06BE  0335               	decf	main@S2_state,w
   579  06BF  0436               	iorwf	main@S2_state+1,w
   580  06C0  1D03               	btfss	3,2
   581  06C1  2EC3               	goto	u561
   582  06C2  2EC4               	goto	u560
   583  06C3                     u561:
   584  06C3  2EC8               	goto	l907
   585  06C4                     u560:
   586  06C4                     l905:
   587  06C4  3002               	movlw	2
   588  06C5  00B5               	movwf	main@S2_state
   589  06C6  3000               	movlw	0
   590  06C7  00B6               	movwf	main@S2_state+1
   591  06C8                     l907:
   592                           
   593                           ;KIEMTRA1.c: 107:     if (PORTCbits.RC3 == 0 && S2_state == 2) S2_state = 3,a=3;
   594  06C8  198E               	btfsc	14,3	;volatile
   595  06C9  2ECB               	goto	u571
   596  06CA  2ECC               	goto	u570
   597  06CB                     u571:
   598  06CB  2ED7               	goto	l913
   599  06CC                     u570:
   600  06CC                     l909:
   601  06CC  3002               	movlw	2
   602  06CD  0635               	xorwf	main@S2_state,w
   603  06CE  0436               	iorwf	main@S2_state+1,w
   604  06CF  1D03               	btfss	3,2
   605  06D0  2ED2               	goto	u581
   606  06D1  2ED3               	goto	u580
   607  06D2                     u581:
   608  06D2  2ED7               	goto	l913
   609  06D3                     u580:
   610  06D3                     l911:
   611  06D3  3003               	movlw	3
   612  06D4  00B5               	movwf	main@S2_state
   613  06D5  3000               	movlw	0
   614  06D6  00B6               	movwf	main@S2_state+1
   615  06D7                     l913:
   616                           
   617                           ;KIEMTRA1.c: 108:     if (S2_state == 3){
   618  06D7  3003               	movlw	3
   619  06D8  0635               	xorwf	main@S2_state,w
   620  06D9  0436               	iorwf	main@S2_state+1,w
   621  06DA  1D03               	btfss	3,2
   622  06DB  2EDD               	goto	u591
   623  06DC  2EDE               	goto	u590
   624  06DD                     u591:
   625  06DD  2EFD               	goto	l927
   626  06DE                     u590:
   627  06DE                     l915:
   628                           
   629                           ;KIEMTRA1.c: 109:     dem2 = dem2+1 ;
   630  06DE  084B               	movf	_dem2,w
   631  06DF  3E01               	addlw	1
   632  06E0  00B1               	movwf	??_main
   633  06E1  0831               	movf	??_main,w
   634  06E2  00CB               	movwf	_dem2
   635  06E3                     l917:
   636                           
   637                           ;KIEMTRA1.c: 110:     if (dem2>10) dem2 = 10 ;
   638  06E3  300B               	movlw	11
   639  06E4  024B               	subwf	_dem2,w
   640  06E5  1C03               	skipc
   641  06E6  2EE8               	goto	u601
   642  06E7  2EE9               	goto	u600
   643  06E8                     u601:
   644  06E8  2EED               	goto	l921
   645  06E9                     u600:
   646  06E9                     l919:
   647  06E9  300A               	movlw	10
   648  06EA  00B1               	movwf	??_main
   649  06EB  0831               	movf	??_main,w
   650  06EC  00CB               	movwf	_dem2
   651  06ED                     l921:
   652                           
   653                           ;KIEMTRA1.c: 111:     LATCbits.LATC4 = 1;
   654  06ED  0022               	movlb	2	; select bank2
   655  06EE  160E               	bsf	14,4	;volatile
   656                           
   657                           ;KIEMTRA1.c: 112:      _delay((unsigned long)((100)*(1000000/4000.0))) ;
   658  06EF  3021               	movlw	33
   659  06F0  0020               	movlb	0	; select bank0
   660  06F1  00B1               	movwf	??_main
   661  06F2  3076               	movlw	118
   662  06F3                     u637:
   663  06F3  0B89               	decfsz	9,f
   664  06F4  2EF3               	goto	u637
   665  06F5  0BB1               	decfsz	??_main,f
   666  06F6  2EF3               	goto	u637
   667  06F7  0000               	nop
   668  06F8                     l923:
   669                           
   670                           ;KIEMTRA1.c: 113:     S2_state =0;
   671  06F8  0020               	movlb	0	; select bank0
   672  06F9  01B5               	clrf	main@S2_state
   673  06FA  01B6               	clrf	main@S2_state+1
   674  06FB                     l925:
   675                           
   676                           ;KIEMTRA1.c: 114:     LATCbits.LATC4 = 0;
   677  06FB  0022               	movlb	2	; select bank2
   678  06FC  120E               	bcf	14,4	;volatile
   679  06FD                     l927:
   680                           
   681                           ;KIEMTRA1.c: 116:     _delay((unsigned long)((10)*(1000000/4000.0))) ;
   682  06FD  3004               	movlw	4
   683  06FE  0020               	movlb	0	; select bank0
   684  06FF  00B1               	movwf	??_main
   685  0700  303D               	movlw	61
   686  0701                     u647:
   687  0701  0B89               	decfsz	9,f
   688  0702  2F01               	goto	u647
   689  0703  0BB1               	decfsz	??_main,f
   690  0704  2F01               	goto	u647
   691  0705  3200               	nop2
   692  0706                     l929:
   693                           
   694                           ;KIEMTRA1.c: 117:     Nhan_so(dem2);
   695  0706  0020               	movlb	0	; select bank0
   696  0707  084B               	movf	_dem2,w
   697  0708  00B1               	movwf	??_main
   698  0709  01B2               	clrf	??_main+1
   699  070A  0831               	movf	??_main,w
   700  070B  00A0               	movwf	Nhan_so@i
   701  070C  0832               	movf	??_main+1,w
   702  070D  00A1               	movwf	Nhan_so@i+1
   703  070E  3187  2729  3186   	fcall	_Nhan_so
   704  0711                     l931:
   705                           
   706                           ;KIEMTRA1.c: 118:     if (PORTCbits.RC6 == 1){
   707  0711  0020               	movlb	0	; select bank0
   708  0712  1F0E               	btfss	14,6	;volatile
   709  0713  2F15               	goto	u611
   710  0714  2F16               	goto	u610
   711  0715                     u611:
   712  0715  2F1F               	goto	l937
   713  0716                     u610:
   714  0716                     l933:
   715                           
   716                           ;KIEMTRA1.c: 119:     dem2 = 0 ;
   717  0716  01CB               	clrf	_dem2
   718                           
   719                           ;KIEMTRA1.c: 120:     S2_state =0;
   720  0717  01B5               	clrf	main@S2_state
   721  0718  01B6               	clrf	main@S2_state+1
   722  0719                     l935:
   723                           
   724                           ;KIEMTRA1.c: 121:     Nhan_so(dem2);}}
   725  0719  3000               	movlw	0
   726  071A  00A0               	movwf	Nhan_so@i
   727  071B  00A1               	movwf	Nhan_so@i+1
   728  071C  3187  2729  3186   	fcall	_Nhan_so
   729  071F                     l937:
   730                           
   731                           ;KIEMTRA1.c: 122:     if (PORTCbits.RC7 == 0 ){
   732  071F  0020               	movlb	0	; select bank0
   733  0720  1B8E               	btfsc	14,7	;volatile
   734  0721  2F23               	goto	u621
   735  0722  2F24               	goto	u620
   736  0723                     u621:
   737  0723  2EA0               	goto	l891
   738  0724                     u620:
   739  0724                     l939:
   740                           
   741                           ;KIEMTRA1.c: 123:     LATAbits.LATA4 = 1;}
   742  0724  0022               	movlb	2	; select bank2
   743  0725  160C               	bsf	12,4	;volatile
   744  0726  2EA0               	goto	l891
   745  0727  3180  2802         	ljmp	start
   746  0729                     __end_of_main:
   747                           
   748                           	psect	text1
   749  0729                     __ptext1:	
   750 ;; *************** function _Nhan_so *****************
   751 ;; Defined at:
   752 ;;		line 32 in file "KIEMTRA1.c"
   753 ;; Parameters:    Size  Location     Type
   754 ;;  i               2    0[BANK0 ] unsigned int 
   755 ;; Auto vars:     Size  Location     Type
   756 ;;  d               2   14[BANK0 ] int 
   757 ;;  c               2   12[BANK0 ] int 
   758 ;;  b               2   10[BANK0 ] int 
   759 ;;  hang_tram       2    8[BANK0 ] int 
   760 ;;  hang_chuc       2    6[BANK0 ] int 
   761 ;;  hang_don_vi     2    4[BANK0 ] int 
   762 ;;  a               1   16[BANK0 ] unsigned char 
   763 ;; Return value:  Size  Location     Type
   764 ;;                  1    wreg      void 
   765 ;; Registers used:
   766 ;;		wreg, fsr1l, fsr1h, status,2, status,0, pclath, cstack
   767 ;; Tracked objects:
   768 ;;		On entry : 0/0
   769 ;;		On exit  : 0/0
   770 ;;		Unchanged: 0/0
   771 ;; Data sizes:     COMMON   BANK0   BANK1   BANK2   BANK3   BANK4   BANK5   BANK6
   772 ;;      Params:         0       2       0       0       0       0       0       0
   773 ;;      Locals:         0      13       0       0       0       0       0       0
   774 ;;      Temps:          0       2       0       0       0       0       0       0
   775 ;;      Totals:         0      17       0       0       0       0       0       0
   776 ;;Total ram usage:       17 bytes
   777 ;; Hardware stack levels used: 1
   778 ;; Hardware stack levels required when called: 1
   779 ;; This function calls:
   780 ;;		___lwdiv
   781 ;;		___lwmod
   782 ;; This function is called by:
   783 ;;		_main
   784 ;; This function uses a non-reentrant model
   785 ;;
   786                           
   787  0729                     _Nhan_so:	
   788                           ;psect for function _Nhan_so
   789                           
   790  0729                     l807:	
   791                           ;incstack = 0
   792                           ; Regs used in _Nhan_so: [wreg+fsr1l+fsr1h+status,2+status,0+pclath+cstack]
   793                           
   794                           
   795                           ;KIEMTRA1.c: 33:   unsigned char a = 0x80 ;
   796  0729  3080               	movlw	128
   797  072A  0020               	movlb	0	; select bank0
   798  072B  00A2               	movwf	??_Nhan_so
   799  072C  0822               	movf	??_Nhan_so,w
   800  072D  00B0               	movwf	Nhan_so@a
   801  072E                     l809:
   802                           
   803                           ;KIEMTRA1.c: 34:   int hang_don_vi = i%10;
   804  072E  300A               	movlw	10
   805  072F  00F8               	movwf	___lwmod@divisor
   806  0730  3000               	movlw	0
   807  0731  00F9               	movwf	___lwmod@divisor+1
   808  0732  0821               	movf	Nhan_so@i+1,w
   809  0733  00FB               	movwf	___lwmod@dividend+1
   810  0734  0820               	movf	Nhan_so@i,w
   811  0735  00FA               	movwf	___lwmod@dividend
   812  0736  3186  2619  3187   	fcall	___lwmod
   813  0739  0879               	movf	?___lwmod+1,w
   814  073A  0020               	movlb	0	; select bank0
   815  073B  00A5               	movwf	Nhan_so@hang_don_vi+1
   816  073C  0878               	movf	?___lwmod,w
   817  073D  00A4               	movwf	Nhan_so@hang_don_vi
   818  073E                     l811:
   819                           
   820                           ;KIEMTRA1.c: 35:   int hang_chuc = (i/10)%10 ;
   821  073E  300A               	movlw	10
   822  073F  00F8               	movwf	___lwmod@divisor
   823  0740  3000               	movlw	0
   824  0741  00F9               	movwf	___lwmod@divisor+1
   825  0742  300A               	movlw	10
   826  0743  00F0               	movwf	___lwdiv@divisor
   827  0744  3000               	movlw	0
   828  0745  00F1               	movwf	___lwdiv@divisor+1
   829  0746  0821               	movf	Nhan_so@i+1,w
   830  0747  00F3               	movwf	___lwdiv@dividend+1
   831  0748  0820               	movf	Nhan_so@i,w
   832  0749  00F2               	movwf	___lwdiv@dividend
   833  074A  3186  264D  3187   	fcall	___lwdiv
   834  074D  0871               	movf	?___lwdiv+1,w
   835  074E  00FB               	movwf	___lwmod@dividend+1
   836  074F  0870               	movf	?___lwdiv,w
   837  0750  00FA               	movwf	___lwmod@dividend
   838  0751  3186  2619  3187   	fcall	___lwmod
   839  0754  0879               	movf	?___lwmod+1,w
   840  0755  0020               	movlb	0	; select bank0
   841  0756  00A7               	movwf	Nhan_so@hang_chuc+1
   842  0757  0878               	movf	?___lwmod,w
   843  0758  00A6               	movwf	Nhan_so@hang_chuc
   844  0759                     l813:
   845                           
   846                           ;KIEMTRA1.c: 36:   int hang_tram = i/100 ;
   847  0759  3064               	movlw	100
   848  075A  00F0               	movwf	___lwdiv@divisor
   849  075B  3000               	movlw	0
   850  075C  00F1               	movwf	___lwdiv@divisor+1
   851  075D  0821               	movf	Nhan_so@i+1,w
   852  075E  00F3               	movwf	___lwdiv@dividend+1
   853  075F  0820               	movf	Nhan_so@i,w
   854  0760  00F2               	movwf	___lwdiv@dividend
   855  0761  3186  264D  3187   	fcall	___lwdiv
   856  0764  0871               	movf	?___lwdiv+1,w
   857  0765  0020               	movlb	0	; select bank0
   858  0766  00A9               	movwf	Nhan_so@hang_tram+1
   859  0767  0870               	movf	?___lwdiv,w
   860  0768  00A8               	movwf	Nhan_so@hang_tram
   861  0769                     l815:
   862                           
   863                           ;KIEMTRA1.c: 37:   int b = mang[hang_don_vi] ;
   864  0769  0824               	movf	Nhan_so@hang_don_vi,w
   865  076A  3E37               	addlw	(low (_mang| 0))& (0+255)
   866  076B  0086               	movwf	6
   867  076C  0187               	clrf	7
   868  076D  0801               	movf	1,w
   869  076E  00A2               	movwf	??_Nhan_so
   870  076F  01A3               	clrf	??_Nhan_so+1
   871  0770  0822               	movf	??_Nhan_so,w
   872  0771  00AA               	movwf	Nhan_so@b
   873  0772  0823               	movf	??_Nhan_so+1,w
   874  0773  00AB               	movwf	Nhan_so@b+1
   875  0774                     l817:
   876                           
   877                           ;KIEMTRA1.c: 38:   int c = mang[hang_chuc] ;
   878  0774  0826               	movf	Nhan_so@hang_chuc,w
   879  0775  3E37               	addlw	(low (_mang| 0))& (0+255)
   880  0776  0086               	movwf	6
   881  0777  0187               	clrf	7
   882  0778  0801               	movf	1,w
   883  0779  00A2               	movwf	??_Nhan_so
   884  077A  01A3               	clrf	??_Nhan_so+1
   885  077B  0822               	movf	??_Nhan_so,w
   886  077C  00AC               	movwf	Nhan_so@c
   887  077D  0823               	movf	??_Nhan_so+1,w
   888  077E  00AD               	movwf	Nhan_so@c+1
   889  077F                     l819:
   890                           
   891                           ;KIEMTRA1.c: 39:   int d = mang[hang_tram] ;
   892  077F  0828               	movf	Nhan_so@hang_tram,w
   893  0780  3E37               	addlw	(low (_mang| 0))& (0+255)
   894  0781  0086               	movwf	6
   895  0782  0187               	clrf	7
   896  0783  0801               	movf	1,w
   897  0784  00A2               	movwf	??_Nhan_so
   898  0785  01A3               	clrf	??_Nhan_so+1
   899  0786  0822               	movf	??_Nhan_so,w
   900  0787  00AE               	movwf	Nhan_so@d
   901  0788  0823               	movf	??_Nhan_so+1,w
   902  0789  00AF               	movwf	Nhan_so@d+1
   903  078A                     l821:
   904                           
   905                           ;KIEMTRA1.c: 40:     for (j=0;j<8;j++){
   906  078A  01CD               	clrf	_j
   907  078B                     l827:
   908                           
   909                           ;KIEMTRA1.c: 41:  if ((b&a) == a) LATCbits.LATC1 = 1 ;
   910  078B  082A               	movf	Nhan_so@b,w
   911  078C  0530               	andwf	Nhan_so@a,w
   912  078D  00A2               	movwf	??_Nhan_so
   913  078E  0822               	movf	??_Nhan_so,w
   914  078F  0630               	xorwf	Nhan_so@a,w
   915  0790  1D03               	skipz
   916  0791  2F93               	goto	u451
   917  0792  2F94               	goto	u450
   918  0793                     u451:
   919  0793  2F97               	goto	l25
   920  0794                     u450:
   921  0794                     l829:
   922  0794  0022               	movlb	2	; select bank2
   923  0795  148E               	bsf	14,1	;volatile
   924  0796  2F99               	goto	l26
   925  0797                     l25:	
   926                           ;KIEMTRA1.c: 42:  else LATCbits.LATC1 = 0 ;
   927                           
   928  0797  0022               	movlb	2	; select bank2
   929  0798  108E               	bcf	14,1	;volatile
   930  0799                     l26:
   931                           
   932                           ;KIEMTRA1.c: 43:  LATCbits.LATC0 = 1;
   933  0799  140E               	bsf	14,0	;volatile
   934                           
   935                           ;KIEMTRA1.c: 44:  LATCbits.LATC0 = 0;
   936  079A  100E               	bcf	14,0	;volatile
   937  079B                     l831:
   938                           
   939                           ;KIEMTRA1.c: 45:  b= b<<1 ;
   940  079B  0020               	movlb	0	; select bank0
   941  079C  352A               	lslf	Nhan_so@b,w
   942  079D  00AA               	movwf	Nhan_so@b
   943  079E  0D2B               	rlf	Nhan_so@b+1,w
   944  079F  00AB               	movwf	Nhan_so@b+1
   945  07A0                     l833:
   946                           
   947                           ;KIEMTRA1.c: 46:  }
   948  07A0  3001               	movlw	1
   949  07A1  00A2               	movwf	??_Nhan_so
   950  07A2  0822               	movf	??_Nhan_so,w
   951  07A3  07CD               	addwf	_j,f
   952  07A4                     l835:
   953  07A4  3008               	movlw	8
   954  07A5  024D               	subwf	_j,w
   955  07A6  1C03               	skipc
   956  07A7  2FA9               	goto	u461
   957  07A8  2FAA               	goto	u460
   958  07A9                     u461:
   959  07A9  2F8B               	goto	l827
   960  07AA                     u460:
   961  07AA                     l837:
   962                           
   963                           ;KIEMTRA1.c: 47:   for (j=0;j<8;j++){
   964  07AA  01CD               	clrf	_j
   965  07AB                     l843:
   966                           
   967                           ;KIEMTRA1.c: 48:  if ((c&a) == a) LATCbits.LATC1 = 1 ;
   968  07AB  082C               	movf	Nhan_so@c,w
   969  07AC  0530               	andwf	Nhan_so@a,w
   970  07AD  00A2               	movwf	??_Nhan_so
   971  07AE  0822               	movf	??_Nhan_so,w
   972  07AF  0630               	xorwf	Nhan_so@a,w
   973  07B0  1D03               	skipz
   974  07B1  2FB3               	goto	u471
   975  07B2  2FB4               	goto	u470
   976  07B3                     u471:
   977  07B3  2FB7               	goto	l29
   978  07B4                     u470:
   979  07B4                     l845:
   980  07B4  0022               	movlb	2	; select bank2
   981  07B5  148E               	bsf	14,1	;volatile
   982  07B6  2FB9               	goto	l30
   983  07B7                     l29:	
   984                           ;KIEMTRA1.c: 49:  else LATCbits.LATC1 = 0 ;
   985                           
   986  07B7  0022               	movlb	2	; select bank2
   987  07B8  108E               	bcf	14,1	;volatile
   988  07B9                     l30:
   989                           
   990                           ;KIEMTRA1.c: 50:  LATCbits.LATC0 = 1;
   991  07B9  140E               	bsf	14,0	;volatile
   992                           
   993                           ;KIEMTRA1.c: 51:  LATCbits.LATC0 = 0;
   994  07BA  100E               	bcf	14,0	;volatile
   995  07BB                     l847:
   996                           
   997                           ;KIEMTRA1.c: 52:  c= c<<1 ;
   998  07BB  0020               	movlb	0	; select bank0
   999  07BC  352C               	lslf	Nhan_so@c,w
  1000  07BD  00AC               	movwf	Nhan_so@c
  1001  07BE  0D2D               	rlf	Nhan_so@c+1,w
  1002  07BF  00AD               	movwf	Nhan_so@c+1
  1003  07C0                     l849:
  1004                           
  1005                           ;KIEMTRA1.c: 53:  }
  1006  07C0  3001               	movlw	1
  1007  07C1  00A2               	movwf	??_Nhan_so
  1008  07C2  0822               	movf	??_Nhan_so,w
  1009  07C3  07CD               	addwf	_j,f
  1010  07C4                     l851:
  1011  07C4  3008               	movlw	8
  1012  07C5  024D               	subwf	_j,w
  1013  07C6  1C03               	skipc
  1014  07C7  2FC9               	goto	u481
  1015  07C8  2FCA               	goto	u480
  1016  07C9                     u481:
  1017  07C9  2FAB               	goto	l843
  1018  07CA                     u480:
  1019  07CA                     l853:
  1020                           
  1021                           ;KIEMTRA1.c: 54:  for (j=0;j<8;j++){
  1022  07CA  01CD               	clrf	_j
  1023  07CB                     l859:
  1024                           
  1025                           ;KIEMTRA1.c: 55:  if ((d&a) == a) LATCbits.LATC1 = 1 ;
  1026  07CB  082E               	movf	Nhan_so@d,w
  1027  07CC  0530               	andwf	Nhan_so@a,w
  1028  07CD  00A2               	movwf	??_Nhan_so
  1029  07CE  0822               	movf	??_Nhan_so,w
  1030  07CF  0630               	xorwf	Nhan_so@a,w
  1031  07D0  1D03               	skipz
  1032  07D1  2FD3               	goto	u491
  1033  07D2  2FD4               	goto	u490
  1034  07D3                     u491:
  1035  07D3  2FD7               	goto	l33
  1036  07D4                     u490:
  1037  07D4                     l861:
  1038  07D4  0022               	movlb	2	; select bank2
  1039  07D5  148E               	bsf	14,1	;volatile
  1040  07D6  2FD9               	goto	l34
  1041  07D7                     l33:	
  1042                           ;KIEMTRA1.c: 56:  else LATCbits.LATC1 = 0 ;
  1043                           
  1044  07D7  0022               	movlb	2	; select bank2
  1045  07D8  108E               	bcf	14,1	;volatile
  1046  07D9                     l34:
  1047                           
  1048                           ;KIEMTRA1.c: 57:  LATCbits.LATC0 = 1;
  1049  07D9  140E               	bsf	14,0	;volatile
  1050                           
  1051                           ;KIEMTRA1.c: 58:  LATCbits.LATC0 = 0;
  1052  07DA  100E               	bcf	14,0	;volatile
  1053  07DB                     l863:
  1054                           
  1055                           ;KIEMTRA1.c: 59:  d= d<<1 ;
  1056  07DB  0020               	movlb	0	; select bank0
  1057  07DC  352E               	lslf	Nhan_so@d,w
  1058  07DD  00AE               	movwf	Nhan_so@d
  1059  07DE  0D2F               	rlf	Nhan_so@d+1,w
  1060  07DF  00AF               	movwf	Nhan_so@d+1
  1061  07E0                     l865:
  1062                           
  1063                           ;KIEMTRA1.c: 60:  }
  1064  07E0  3001               	movlw	1
  1065  07E1  00A2               	movwf	??_Nhan_so
  1066  07E2  0822               	movf	??_Nhan_so,w
  1067  07E3  07CD               	addwf	_j,f
  1068  07E4                     l867:
  1069  07E4  3008               	movlw	8
  1070  07E5  024D               	subwf	_j,w
  1071  07E6  1C03               	skipc
  1072  07E7  2FE9               	goto	u501
  1073  07E8  2FEA               	goto	u500
  1074  07E9                     u501:
  1075  07E9  2FCB               	goto	l859
  1076  07EA                     u500:
  1077  07EA                     l32:
  1078                           
  1079                           ;KIEMTRA1.c: 61:  LATCbits.LATC2 = 1;
  1080  07EA  0022               	movlb	2	; select bank2
  1081  07EB  150E               	bsf	14,2	;volatile
  1082                           
  1083                           ;KIEMTRA1.c: 62: LATCbits.LATC2 = 0;
  1084  07EC  110E               	bcf	14,2	;volatile
  1085  07ED                     l35:
  1086  07ED  0008               	return
  1087  07EE                     __end_of_Nhan_so:
  1088                           
  1089                           	psect	text2
  1090  0619                     __ptext2:	
  1091 ;; *************** function ___lwmod *****************
  1092 ;; Defined at:
  1093 ;;		line 5 in file "C:\Program Files\Microchip\xc8\v2.36\pic\sources\c99\common\lwmod.c"
  1094 ;; Parameters:    Size  Location     Type
  1095 ;;  divisor         2    8[COMMON] unsigned int 
  1096 ;;  dividend        2   10[COMMON] unsigned int 
  1097 ;; Auto vars:     Size  Location     Type
  1098 ;;  counter         1   13[COMMON] unsigned char 
  1099 ;; Return value:  Size  Location     Type
  1100 ;;                  2    8[COMMON] unsigned int 
  1101 ;; Registers used:
  1102 ;;		wreg, status,2, status,0
  1103 ;; Tracked objects:
  1104 ;;		On entry : 0/0
  1105 ;;		On exit  : 0/0
  1106 ;;		Unchanged: 0/0
  1107 ;; Data sizes:     COMMON   BANK0   BANK1   BANK2   BANK3   BANK4   BANK5   BANK6
  1108 ;;      Params:         4       0       0       0       0       0       0       0
  1109 ;;      Locals:         1       0       0       0       0       0       0       0
  1110 ;;      Temps:          1       0       0       0       0       0       0       0
  1111 ;;      Totals:         6       0       0       0       0       0       0       0
  1112 ;;Total ram usage:        6 bytes
  1113 ;; Hardware stack levels used: 1
  1114 ;; This function calls:
  1115 ;;		Nothing
  1116 ;; This function is called by:
  1117 ;;		_Nhan_so
  1118 ;; This function uses a non-reentrant model
  1119 ;;
  1120                           
  1121  0619                     ___lwmod:	
  1122                           ;psect for function ___lwmod
  1123                           
  1124  0619                     l785:	
  1125                           ;incstack = 0
  1126                           ; Regs used in ___lwmod: [wreg+status,2+status,0]
  1127                           
  1128  0619  0878               	movf	___lwmod@divisor,w
  1129  061A  0479               	iorwf	___lwmod@divisor+1,w
  1130  061B  1903               	btfsc	3,2
  1131  061C  2E1E               	goto	u391
  1132  061D  2E1F               	goto	u390
  1133  061E                     u391:
  1134  061E  2E48               	goto	l803
  1135  061F                     u390:
  1136  061F                     l787:
  1137  061F  01FD               	clrf	___lwmod@counter
  1138  0620  0AFD               	incf	___lwmod@counter,f
  1139  0621  2E2B               	goto	l793
  1140  0622                     l789:
  1141  0622  3001               	movlw	1
  1142  0623                     u405:
  1143  0623  35F8               	lslf	___lwmod@divisor,f
  1144  0624  0DF9               	rlf	___lwmod@divisor+1,f
  1145  0625  0B89               	decfsz	9,f
  1146  0626  2E23               	goto	u405
  1147  0627                     l791:
  1148  0627  3001               	movlw	1
  1149  0628  00FC               	movwf	??___lwmod
  1150  0629  087C               	movf	??___lwmod,w
  1151  062A  07FD               	addwf	___lwmod@counter,f
  1152  062B                     l793:
  1153  062B  1FF9               	btfss	___lwmod@divisor+1,7
  1154  062C  2E2E               	goto	u411
  1155  062D  2E2F               	goto	u410
  1156  062E                     u411:
  1157  062E  2E22               	goto	l789
  1158  062F                     u410:
  1159  062F                     l795:
  1160  062F  0879               	movf	___lwmod@divisor+1,w
  1161  0630  027B               	subwf	___lwmod@dividend+1,w
  1162  0631  1D03               	skipz
  1163  0632  2E35               	goto	u425
  1164  0633  0878               	movf	___lwmod@divisor,w
  1165  0634  027A               	subwf	___lwmod@dividend,w
  1166  0635                     u425:
  1167  0635  1C03               	skipc
  1168  0636  2E38               	goto	u421
  1169  0637  2E39               	goto	u420
  1170  0638                     u421:
  1171  0638  2E3D               	goto	l799
  1172  0639                     u420:
  1173  0639                     l797:
  1174  0639  0878               	movf	___lwmod@divisor,w
  1175  063A  02FA               	subwf	___lwmod@dividend,f
  1176  063B  0879               	movf	___lwmod@divisor+1,w
  1177  063C  3BFB               	subwfb	___lwmod@dividend+1,f
  1178  063D                     l799:
  1179  063D  3001               	movlw	1
  1180  063E                     u435:
  1181  063E  36F9               	lsrf	___lwmod@divisor+1,f
  1182  063F  0CF8               	rrf	___lwmod@divisor,f
  1183  0640  0B89               	decfsz	9,f
  1184  0641  2E3E               	goto	u435
  1185  0642                     l801:
  1186  0642  3001               	movlw	1
  1187  0643  02FD               	subwf	___lwmod@counter,f
  1188  0644  1D03               	btfss	3,2
  1189  0645  2E47               	goto	u441
  1190  0646  2E48               	goto	u440
  1191  0647                     u441:
  1192  0647  2E2F               	goto	l795
  1193  0648                     u440:
  1194  0648                     l803:
  1195  0648  087B               	movf	___lwmod@dividend+1,w
  1196  0649  00F9               	movwf	?___lwmod+1
  1197  064A  087A               	movf	___lwmod@dividend,w
  1198  064B  00F8               	movwf	?___lwmod
  1199  064C                     l409:
  1200  064C  0008               	return
  1201  064D                     __end_of___lwmod:
  1202                           
  1203                           	psect	text3
  1204  064D                     __ptext3:	
  1205 ;; *************** function ___lwdiv *****************
  1206 ;; Defined at:
  1207 ;;		line 5 in file "C:\Program Files\Microchip\xc8\v2.36\pic\sources\c99\common\lwdiv.c"
  1208 ;; Parameters:    Size  Location     Type
  1209 ;;  divisor         2    0[COMMON] unsigned int 
  1210 ;;  dividend        2    2[COMMON] unsigned int 
  1211 ;; Auto vars:     Size  Location     Type
  1212 ;;  quotient        2    5[COMMON] unsigned int 
  1213 ;;  counter         1    7[COMMON] unsigned char 
  1214 ;; Return value:  Size  Location     Type
  1215 ;;                  2    0[COMMON] unsigned int 
  1216 ;; Registers used:
  1217 ;;		wreg, status,2, status,0
  1218 ;; Tracked objects:
  1219 ;;		On entry : 0/0
  1220 ;;		On exit  : 0/0
  1221 ;;		Unchanged: 0/0
  1222 ;; Data sizes:     COMMON   BANK0   BANK1   BANK2   BANK3   BANK4   BANK5   BANK6
  1223 ;;      Params:         4       0       0       0       0       0       0       0
  1224 ;;      Locals:         3       0       0       0       0       0       0       0
  1225 ;;      Temps:          1       0       0       0       0       0       0       0
  1226 ;;      Totals:         8       0       0       0       0       0       0       0
  1227 ;;Total ram usage:        8 bytes
  1228 ;; Hardware stack levels used: 1
  1229 ;; This function calls:
  1230 ;;		Nothing
  1231 ;; This function is called by:
  1232 ;;		_Nhan_so
  1233 ;; This function uses a non-reentrant model
  1234 ;;
  1235                           
  1236  064D                     ___lwdiv:	
  1237                           ;psect for function ___lwdiv
  1238                           
  1239  064D                     l759:	
  1240                           ;incstack = 0
  1241                           ; Regs used in ___lwdiv: [wreg+status,2+status,0]
  1242                           
  1243  064D  01F5               	clrf	___lwdiv@quotient
  1244  064E  01F6               	clrf	___lwdiv@quotient+1
  1245  064F                     l761:
  1246  064F  0870               	movf	___lwdiv@divisor,w
  1247  0650  0471               	iorwf	___lwdiv@divisor+1,w
  1248  0651  1903               	btfsc	3,2
  1249  0652  2E54               	goto	u321
  1250  0653  2E55               	goto	u320
  1251  0654                     u321:
  1252  0654  2E84               	goto	l781
  1253  0655                     u320:
  1254  0655                     l763:
  1255  0655  01F7               	clrf	___lwdiv@counter
  1256  0656  0AF7               	incf	___lwdiv@counter,f
  1257  0657  2E61               	goto	l769
  1258  0658                     l765:
  1259  0658  3001               	movlw	1
  1260  0659                     u335:
  1261  0659  35F0               	lslf	___lwdiv@divisor,f
  1262  065A  0DF1               	rlf	___lwdiv@divisor+1,f
  1263  065B  0B89               	decfsz	9,f
  1264  065C  2E59               	goto	u335
  1265  065D                     l767:
  1266  065D  3001               	movlw	1
  1267  065E  00F4               	movwf	??___lwdiv
  1268  065F  0874               	movf	??___lwdiv,w
  1269  0660  07F7               	addwf	___lwdiv@counter,f
  1270  0661                     l769:
  1271  0661  1FF1               	btfss	___lwdiv@divisor+1,7
  1272  0662  2E64               	goto	u341
  1273  0663  2E65               	goto	u340
  1274  0664                     u341:
  1275  0664  2E58               	goto	l765
  1276  0665                     u340:
  1277  0665                     l771:
  1278  0665  3001               	movlw	1
  1279  0666                     u355:
  1280  0666  35F5               	lslf	___lwdiv@quotient,f
  1281  0667  0DF6               	rlf	___lwdiv@quotient+1,f
  1282  0668  0B89               	decfsz	9,f
  1283  0669  2E66               	goto	u355
  1284  066A  0871               	movf	___lwdiv@divisor+1,w
  1285  066B  0273               	subwf	___lwdiv@dividend+1,w
  1286  066C  1D03               	skipz
  1287  066D  2E70               	goto	u365
  1288  066E  0870               	movf	___lwdiv@divisor,w
  1289  066F  0272               	subwf	___lwdiv@dividend,w
  1290  0670                     u365:
  1291  0670  1C03               	skipc
  1292  0671  2E73               	goto	u361
  1293  0672  2E74               	goto	u360
  1294  0673                     u361:
  1295  0673  2E79               	goto	l777
  1296  0674                     u360:
  1297  0674                     l773:
  1298  0674  0870               	movf	___lwdiv@divisor,w
  1299  0675  02F2               	subwf	___lwdiv@dividend,f
  1300  0676  0871               	movf	___lwdiv@divisor+1,w
  1301  0677  3BF3               	subwfb	___lwdiv@dividend+1,f
  1302  0678                     l775:
  1303  0678  1475               	bsf	___lwdiv@quotient,0
  1304  0679                     l777:
  1305  0679  3001               	movlw	1
  1306  067A                     u375:
  1307  067A  36F1               	lsrf	___lwdiv@divisor+1,f
  1308  067B  0CF0               	rrf	___lwdiv@divisor,f
  1309  067C  0B89               	decfsz	9,f
  1310  067D  2E7A               	goto	u375
  1311  067E                     l779:
  1312  067E  3001               	movlw	1
  1313  067F  02F7               	subwf	___lwdiv@counter,f
  1314  0680  1D03               	btfss	3,2
  1315  0681  2E83               	goto	u381
  1316  0682  2E84               	goto	u380
  1317  0683                     u381:
  1318  0683  2E65               	goto	l771
  1319  0684                     u380:
  1320  0684                     l781:
  1321  0684  0876               	movf	___lwdiv@quotient+1,w
  1322  0685  00F1               	movwf	?___lwdiv+1
  1323  0686  0875               	movf	___lwdiv@quotient,w
  1324  0687  00F0               	movwf	?___lwdiv
  1325  0688                     l399:
  1326  0688  0008               	return
  1327  0689                     __end_of___lwdiv:
  1328  007E                     btemp	set	126	;btemp
  1329  007E                     wtemp0	set	126
  1330                           
  1331                           	psect	idloc
  1332                           
  1333                           ;Config register IDLOC0 @ 0x8000
  1334                           ;	unspecified, using default values
  1335  8000                     	org	32768
  1336  8000  3FFF               	dw	16383
  1337                           
  1338                           ;Config register IDLOC1 @ 0x8001
  1339                           ;	unspecified, using default values
  1340  8001                     	org	32769
  1341  8001  3FFF               	dw	16383
  1342                           
  1343                           ;Config register IDLOC2 @ 0x8002
  1344                           ;	unspecified, using default values
  1345  8002                     	org	32770
  1346  8002  3FFF               	dw	16383
  1347                           
  1348                           ;Config register IDLOC3 @ 0x8003
  1349                           ;	unspecified, using default values
  1350  8003                     	org	32771
  1351  8003  3FFF               	dw	16383
  1352                           
  1353                           	psect	config
  1354                           
  1355                           ;Config register CONFIG1 @ 0x8007
  1356                           ;	Oscillator Selection Bits
  1357                           ;	FOSC = ECH, ECH, External Clock, High Power Mode (4-20 MHz): device clock supplied to 
      +                          CLKIN pins
  1358                           ;	Watchdog Timer Enable
  1359                           ;	WDTE = OFF, WDT disabled
  1360                           ;	Power-up Timer Enable
  1361                           ;	PWRTE = OFF, PWRT disabled
  1362                           ;	MCLR Pin Function Select
  1363                           ;	MCLRE = OFF, MCLR/VPP pin function is digital input
  1364                           ;	Flash Program Memory Code Protection
  1365                           ;	CP = OFF, Program memory code protection is disabled
  1366                           ;	Brown-out Reset Enable
  1367                           ;	BOREN = OFF, Brown-out Reset disabled
  1368                           ;	Clock Out Enable
  1369                           ;	CLKOUTEN = OFF, CLKOUT function is disabled. I/O or oscillator function on the CLKOUT 
      +                          pin
  1370                           ;	Internal/External Switchover Mode
  1371                           ;	IESO = OFF, Internal/External Switchover Mode is disabled
  1372                           ;	Fail-Safe Clock Monitor Enable
  1373                           ;	FCMEN = OFF, Fail-Safe Clock Monitor is disabled
  1374  8007                     	org	32775
  1375  8007  09A7               	dw	2471
  1376                           
  1377                           ;Config register CONFIG2 @ 0x8008
  1378                           ;	Flash Memory Self-Write Protection
  1379                           ;	WRT = OFF, Write protection off
  1380                           ;	Stack Overflow/Underflow Reset Enable
  1381                           ;	STVREN = OFF, Stack Overflow or Underflow will not cause a Reset
  1382                           ;	Brown-out Reset Voltage Selection
  1383                           ;	BORV = LO, Brown-out Reset Voltage (Vbor), low trip point selected.
  1384                           ;	Low-Power Brown Out Reset
  1385                           ;	LPBOR = OFF, Low-Power BOR is disabled
  1386                           ;	Low-Voltage Programming Enable
  1387                           ;	LVP = OFF, High-voltage on MCLR/VPP must be used for programming
  1388  8008                     	org	32776
  1389  8008  1DFF               	dw	7679

Data Sizes:
    Strings     0
    Constant    0
    Data        20
    BSS         3
    Persistent  32
    Stack       0

Auto Spaces:
    Space          Size  Autos    Used
    COMMON           14     14      14
    BANK0            80     23      46
    BANK1            80      0       0
    BANK2            80      0       0
    BANK3            80      0       0
    BANK4            80      0       0
    BANK5            80      0       0
    BANK6            16      0       0

Pointer List with Targets:

    None.

Critical Paths under _main in COMMON

    _Nhan_so->___lwmod
    ___lwmod->___lwdiv

Critical Paths under _main in BANK0

    _main->_Nhan_so

Critical Paths under _main in BANK1

    None.

Critical Paths under _main in BANK2

    None.

Critical Paths under _main in BANK3

    None.

Critical Paths under _main in BANK4

    None.

Critical Paths under _main in BANK5

    None.

Critical Paths under _main in BANK6

    None.

Call Graph Tables:

 ---------------------------------------------------------------------------------
 (Depth) Function   	        Calls       Base Space   Used Autos Params    Refs
 ---------------------------------------------------------------------------------
 (0) _main                                                 8     8      0    1662
                                             17 BANK0      6     6      0
                            _Nhan_so
 ---------------------------------------------------------------------------------
 (1) _Nhan_so                                             17    15      2    1563
                                              0 BANK0     17    15      2
                            ___lwdiv
                            ___lwmod
 ---------------------------------------------------------------------------------
 (2) ___lwmod                                              6     2      4     463
                                              8 COMMON     6     2      4
                            ___lwdiv (ARG)
 ---------------------------------------------------------------------------------
 (2) ___lwdiv                                              8     4      4     466
                                              0 COMMON     8     4      4
 ---------------------------------------------------------------------------------
 Estimated maximum stack depth 2
 ---------------------------------------------------------------------------------

 Call Graph Graphs:

 _main (ROOT)
   _Nhan_so
     ___lwdiv
     ___lwmod
       ___lwdiv (ARG)

 Address spaces:
Name               Size   Autos  Total    Cost      Usage
BIGRAM             1F0      0       0       0        0.0%
NULL                 0      0       0       0        0.0%
CODE                 0      0       0       0        0.0%
BITCOMMON            E      0       0       1        0.0%
BITSFR0              0      0       0       1        0.0%
SFR0                 0      0       0       1        0.0%
COMMON               E      E       E       2      100.0%
BITSFR1              0      0       0       2        0.0%
SFR1                 0      0       0       2        0.0%
BITSFR2              0      0       0       3        0.0%
SFR2                 0      0       0       3        0.0%
STACK                0      0       0       3        0.0%
BITSFR3              0      0       0       4        0.0%
SFR3                 0      0       0       4        0.0%
ABS                  0      0      3C       4        0.0%
BITBANK0            50      0       0       5        0.0%
BITSFR4              0      0       0       5        0.0%
SFR4                 0      0       0       5        0.0%
BANK0               50     17      2E       6       57.5%
BITSFR5              0      0       0       6        0.0%
SFR5                 0      0       0       6        0.0%
BITBANK1            50      0       0       7        0.0%
BITSFR6              0      0       0       7        0.0%
SFR6                 0      0       0       7        0.0%
BANK1               50      0       0       8        0.0%
BITSFR7              0      0       0       8        0.0%
SFR7                 0      0       0       8        0.0%
BITBANK2            50      0       0       9        0.0%
BITSFR8              0      0       0       9        0.0%
SFR8                 0      0       0       9        0.0%
BANK2               50      0       0      10        0.0%
BITSFR9              0      0       0      10        0.0%
SFR9                 0      0       0      10        0.0%
BITBANK3            50      0       0      11        0.0%
BITSFR10             0      0       0      11        0.0%
SFR10                0      0       0      11        0.0%
BANK3               50      0       0      12        0.0%
BITSFR11             0      0       0      12        0.0%
SFR11                0      0       0      12        0.0%
BITBANK4            50      0       0      13        0.0%
BITSFR12             0      0       0      13        0.0%
SFR12                0      0       0      13        0.0%
BANK4               50      0       0      14        0.0%
BITSFR13             0      0       0      14        0.0%
SFR13                0      0       0      14        0.0%
BITBANK5            50      0       0      15        0.0%
BITSFR14             0      0       0      15        0.0%
SFR14                0      0       0      15        0.0%
BANK5               50      0       0      16        0.0%
BITSFR15             0      0       0      16        0.0%
SFR15                0      0       0      16        0.0%
BITBANK6            10      0       0      17        0.0%
BITSFR16             0      0       0      17        0.0%
SFR16                0      0       0      17        0.0%
BANK6               10      0       0      18        0.0%
BITSFR17             0      0       0      18        0.0%
SFR17                0      0       0      18        0.0%
BITSFR18             0      0       0      19        0.0%
SFR18                0      0       0      19        0.0%
DATA                 0      0      3C      19        0.0%
BITSFR19             0      0       0      20        0.0%
SFR19                0      0       0      20        0.0%
BITSFR20             0      0       0      21        0.0%
SFR20                0      0       0      21        0.0%
BITSFR21             0      0       0      22        0.0%
SFR21                0      0       0      22        0.0%
BITSFR22             0      0       0      23        0.0%
SFR22                0      0       0      23        0.0%
BITSFR23             0      0       0      24        0.0%
SFR23                0      0       0      24        0.0%
BITSFR24             0      0       0      25        0.0%
SFR24                0      0       0      25        0.0%
BITSFR25             0      0       0      26        0.0%
SFR25                0      0       0      26        0.0%
BITSFR26             0      0       0      27        0.0%
SFR26                0      0       0      27        0.0%
BITSFR27             0      0       0      28        0.0%
SFR27                0      0       0      28        0.0%
BITSFR28             0      0       0      29        0.0%
SFR28                0      0       0      29        0.0%
BITSFR29             0      0       0      30        0.0%
SFR29                0      0       0      30        0.0%
BITSFR30             0      0       0      31        0.0%
SFR30                0      0       0      31        0.0%
BITSFR31             0      0       0      32        0.0%
SFR31                0      0       0      32        0.0%


Microchip Technology PIC Macro Assembler V2.36 build 20220127204148 
Symbol Table                                                                                   Fri Apr 01 21:11:20 2022

                      _j 004D                       l30 07B9                       l32 07EA  
                     l33 07D7                       l25 0797                       l34 07D9  
                     l26 0799                       l35 07ED                       l29 07B7  
                    l409 064C                      l801 0642                      l803 0648  
                    l811 073E                      l821 078A                      l813 0759  
                    l901 06BA                      l399 0688                      l831 079B  
                    l815 0769                      l807 0729                      l911 06D3  
                    l903 06BE                      l761 064F                      l833 07A0  
                    l817 0774                      l809 072E                      l921 06ED  
                    l913 06D7                      l905 06C4                      l771 0665  
                    l763 0655                      l851 07C4                      l843 07AB  
                    l835 07A4                      l827 078B                      l819 077F  
                    l931 0711                      l923 06F8                      l915 06DE  
                    l907 06C8                      l773 0674                      l765 0658  
                    l781 0684                      l861 07D4                      l853 07CA  
                    l845 07B4                      l837 07AA                      l829 0794  
                    l933 0716                      l925 06FB                      l917 06E3  
                    l909 06CC                      l775 0678                      l767 065D  
                    l759 064D                      l791 0627                      l863 07DB  
                    l847 07BB                      l935 0719                      l919 06E9  
                    l927 06FD                      l871 068E                      l777 0679  
                    l769 0661                      l793 062B                      l785 0619  
                    l865 07E0                      l849 07C0                      l929 0706  
                    l937 071F                      l881 0694                      l873 0690  
                    l779 067E                      l795 062F                      l787 061F  
                    l867 07E4                      l859 07CB                      l939 0724  
                    l891 06A0                      l883 0695                      l875 0691  
                    l797 0639                      l789 0622                      l893 06A5  
                    l885 0696                      l877 0692                      l869 0689  
                    l799 063D                      l895 06A9                      l887 0697  
                    l879 0693                      l897 06B0                      l889 0698  
                    l899 06B6                      u320 0655                      u321 0654  
                    u410 062F                      u411 062E                      u340 0665  
                    u420 0639                      u500 07EA                      u341 0664  
                    u421 0638                      u405 0623                      u501 07E9  
                    u510 06A5                      u335 0659                      u511 06A4  
                    u360 0674                      u440 0648                      u600 06E9  
                    u520 06A9                      u361 0673                      u441 0647  
                    u425 0635                      u601 06E8                      u521 06A8  
                    u450 0794                      u610 0716                      u530 06B0  
                    u355 0666                      u435 063E                      u451 0793  
                    u611 0715                      u531 06AF                      u380 0684  
                    u460 07AA                      u620 0724                      u540 06B6  
                    u381 0683                      u365 0670                      u461 07A9  
                    u621 0723                      u541 06B5                      u390 061F  
                    u470 07B4                      u550 06BE                      u375 067A  
                    u391 061E                      u471 07B3                      u551 06BD  
                    u480 07CA                      u560 06C4                      u481 07C9  
                    u561 06C3                      u490 07D4                      u570 06CC  
                    u491 07D3                      u571 06CB                      u580 06D3  
                    u637 06F3                      u581 06D2                      u590 06DE  
                    u647 0701                      u591 06DD                      wreg 0009  
                   _dem1 004C                     _dem2 004B                     _main 0689  
                   _mang 0037                     fsr0h 0005                     fsr1h 0007  
                   fsr0l 0004                     indf1 0001                     fsr1l 0006  
                   btemp 007E                     start 0002          __end_of_Nhan_so 07EE  
                  ?_main 0070          __end_of___lwdiv 0689          __end_of___lwmod 064D  
                  main@a 0033                    status 0003                    wtemp0 007E  
        __initialization 07EE             __end_of_main 0729                   ??_main 0031  
              ??_Nhan_so 0022                ??___lwdiv 0074                ??___lwmod 007C  
__end_of__initialization 07FD           __pcstackCOMMON 0070             __pidataBANK0 0605  
             __pbssBANK0 004B               __pmaintext 0689                  _Nhan_so 0729  
                ___lwdiv 064D                  ___lwmod 0619                  __ptext1 0729  
                __ptext2 0619                  __ptext3 064D     end_of_initialization 07FD  
                init_ram 05FF                  initloop 0600       Nhan_so@hang_don_vi 0024  
              _PORTCbits 000E                _TRISAbits 008C                _TRISCbits 008E  
    start_initialization 07EE              __pdataBANK0 0037         Nhan_so@hang_chuc 0026  
       Nhan_so@hang_tram 0028                ___latbits 0002            __pcstackBANK0 0020  
               ?_Nhan_so 0020         ___lwdiv@dividend 0072                 ?___lwdiv 0070  
               ?___lwmod 0078         ___lwdiv@quotient 0075                 _LATAbits 010C  
               _LATCbits 010E                 Nhan_so@a 0030                 Nhan_so@b 002A  
               Nhan_so@c 002C                 Nhan_so@d 002E                 Nhan_so@i 0020  
        ___lwdiv@divisor 0070          ___lwdiv@counter 0077         ___lwmod@dividend 007A  
        ___lwmod@divisor 0078          ___lwmod@counter 007D             main@S2_state 0035  
